<?xml version="1.0" encoding="UTF-8"?>
<testng-results ignored="0" total="2" passed="2" failed="0" skipped="0">
  <reporter-output>
  </reporter-output>
  <suite started-at="2023-10-14T12:40:59 IST" name="Suite" finished-at="2023-10-14T12:41:02 IST" duration-ms="2736">
    <groups>
    </groups>
    <test started-at="2023-10-14T12:40:59 IST" name="Test" finished-at="2023-10-14T12:41:02 IST" duration-ms="2736">
      <class name="com.Api.LibraryAPITest">
        <test-method is-config="true" signature="setUp()[pri:0, instance:com.Api.LibraryAPITest@66498326]" started-at="2023-10-14T12:40:59 IST" name="setUp" finished-at="2023-10-14T12:40:59 IST" duration-ms="594" status="PASS">
          <reporter-output>
          </reporter-output>
        </test-method> <!-- setUp -->
        <test-method signature="testGetUser()[pri:0, instance:com.Api.LibraryAPITest@66498326]" started-at="2023-10-14T12:40:59 IST" name="testGetUser" finished-at="2023-10-14T12:41:01 IST" duration-ms="1440" status="PASS">
          <reporter-output>
          </reporter-output>
        </test-method> <!-- testGetUser -->
        <test-method signature="testUpdateUser()[pri:0, instance:com.Api.LibraryAPITest@66498326]" started-at="2023-10-14T12:41:01 IST" name="testUpdateUser" finished-at="2023-10-14T12:41:02 IST" duration-ms="667" status="PASS">
          <reporter-output>
          </reporter-output>
        </test-method> <!-- testUpdateUser -->
      </class> <!-- com.Api.LibraryAPITest -->
    </test> <!-- Test -->
  </suite> <!-- Suite -->
</testng-results>
